make[2]: *** [test/CMakeFiles/cv_bridge-utest.dir/build.make:89: test/CMakeFiles/cv_bridge-utest.dir/utest.cpp.o] Interrupt
make[2]: *** [test/CMakeFiles/cv_bridge-utest.dir/build.make:115: test/CMakeFiles/cv_bridge-utest.dir/test_rgb_colors.cpp.o] Interrupt
make[2]: *** [test/CMakeFiles/cv_bridge-utest.dir/build.make:102: test/CMakeFiles/cv_bridge-utest.dir/utest2.cpp.o] Interrupt
make[2]: *** [test/CMakeFiles/cv_bridge-utest.dir/build.make:63: test/CMakeFiles/cv_bridge-utest.dir/test_endian.cpp.o] Interrupt
make[2]: *** [test/CMakeFiles/cv_bridge-utest.dir/build.make:76: test/CMakeFiles/cv_bridge-utest.dir/test_compression.cpp.o] Interrupt
make[2]: *** [src/CMakeFiles/cv_bridge_boost.dir/build.make:76: src/CMakeFiles/cv_bridge_boost.dir/module_opencv3.cpp.o] Interrupt
make[2]: *** wait: No child processes.  Stop.
make[2]: *** Waiting for unfinished jobs....
make[2]: *** wait: No child processes.  Stop.
make[1]: *** [CMakeFiles/Makefile2:250: test/CMakeFiles/cv_bridge-utest.dir/all] Interrupt
make[1]: *** [CMakeFiles/Makefile2:194: src/CMakeFiles/cv_bridge_boost.dir/all] Error 2
make: *** [Makefile:141: all] Interrupt
