-- The C compiler identification is GNU 9.4.0
-- The CXX compiler identification is GNU 9.4.0
-- Check for working C compiler: /usr/bin/cc
-- Check for working C compiler: /usr/bin/cc -- works
-- Detecting C compiler ABI info
-- Detecting C compiler ABI info - done
-- Detecting C compile features
-- Detecting C compile features - done
-- Check for working CXX compiler: /usr/bin/c++
-- Check for working CXX compiler: /usr/bin/c++ -- works
-- Detecting CXX compiler ABI info
-- Detecting CXX compiler ABI info - done
-- Detecting CXX compile features
-- Detecting CXX compile features - done
-- Found ament_cmake_ros: 0.9.2 (/opt/ros/foxy/share/ament_cmake_ros/cmake)
-- Found PythonInterp: /usr/bin/python3 (found suitable version "3.8.10", minimum required is "3") 
-- Using PYTHON_EXECUTABLE: /usr/bin/python3
-- Found PythonLibs: /usr/lib/x86_64-linux-gnu/libpython3.8.so (found version "3.8.10") 
-- Boost_VERSION_STRING: 1.71.0
-- Found Boost: /usr/lib/x86_64-linux-gnu/cmake/Boost-1.71.0/BoostConfig.cmake (found version "1.71.0") found components: python38 
-- Found rcpputils: 1.3.2 (/opt/ros/foxy/share/rcpputils/cmake)
-- Found sensor_msgs: 2.0.5 (/opt/ros/foxy/share/sensor_msgs/cmake)
-- Using all available rosidl_typesupport_c: rosidl_typesupport_fastrtps_c;rosidl_typesupport_introspection_c
-- Found rosidl_adapter: 1.3.1 (/opt/ros/foxy/share/rosidl_adapter/cmake)
-- Found OpenSSL: /usr/lib/x86_64-linux-gnu/libcrypto.so (found version "1.1.1f")  
-- Found FastRTPS: /opt/ros/foxy/include  
-- Using all available rosidl_typesupport_cpp: rosidl_typesupport_fastrtps_cpp;rosidl_typesupport_introspection_cpp
-- Performing Test COMPILER_HAS_HIDDEN_VISIBILITY
-- Performing Test COMPILER_HAS_HIDDEN_VISIBILITY - Success
-- Performing Test COMPILER_HAS_HIDDEN_INLINE_VISIBILITY
-- Performing Test COMPILER_HAS_HIDDEN_INLINE_VISIBILITY - Success
-- Performing Test COMPILER_HAS_DEPRECATED_ATTR
-- Performing Test COMPILER_HAS_DEPRECATED_ATTR - Success
-- Found PythonInterp: /usr/bin/python3 (found version "3.8.10") 
-- Found PythonLibs: /usr/lib/x86_64-linux-gnu/libpython3.8.so (found suitable version "3.8.10", minimum required is "3.8") 
-- Found ament_lint_auto: 0.9.8 (/opt/ros/foxy/share/ament_lint_auto/cmake)
-- Found gtest sources under '/opt/ros/foxy/src/gtest_vendor': C++ tests using 'Google Test' will be built
-- Looking for pthread.h
-- Looking for pthread.h - found
-- Performing Test CMAKE_HAVE_LIBC_PTHREAD
-- Performing Test CMAKE_HAVE_LIBC_PTHREAD - Failed
-- Check if compiler accepts -pthread
-- Check if compiler accepts -pthread - yes
-- Found Threads: TRUE  
-- Configuring done
-- Generating done
-- Build files have been written to: /home/naoya/wildpose_v1.3/wildpose/src/build/cv_bridge
[35m[1mScanning dependencies of target cv_bridge[0m
[35m[1mScanning dependencies of target gtest_main[0m
[35m[1mScanning dependencies of target gtest[0m
[  6%] [32mBuilding CXX object gtest/CMakeFiles/gtest_main.dir/src/gtest_main.cc.o[0m
[ 12%] [32mBuilding CXX object gtest/CMakeFiles/gtest.dir/src/gtest-all.cc.o[0m
[ 18%] [32mBuilding CXX object src/CMakeFiles/cv_bridge.dir/rgb_colors.cpp.o[0m
[ 25%] [32mBuilding CXX object src/CMakeFiles/cv_bridge.dir/cv_bridge.cpp.o[0m
[ 31%] [32m[1mLinking CXX static library libgtest_main.a[0m
[ 31%] Built target gtest_main
[ 37%] [32m[1mLinking CXX static library libgtest.a[0m
[ 37%] Built target gtest
[ 43%] [32m[1mLinking CXX shared library libcv_bridge.so[0m
[ 43%] Built target cv_bridge
[35m[1mScanning dependencies of target cv_bridge_boost[0m
[35m[1mScanning dependencies of target cv_bridge-utest[0m
[ 62%] [32mBuilding CXX object src/CMakeFiles/cv_bridge_boost.dir/module.cpp.o[0m
[ 62%] [32mBuilding CXX object src/CMakeFiles/cv_bridge_boost.dir/module_opencv3.cpp.o[0m
[ 62%] [32mBuilding CXX object test/CMakeFiles/cv_bridge-utest.dir/test_rgb_colors.cpp.o[0m
[ 68%] [32mBuilding CXX object test/CMakeFiles/cv_bridge-utest.dir/utest.cpp.o[0m
[ 75%] [32mBuilding CXX object test/CMakeFiles/cv_bridge-utest.dir/utest2.cpp.o[0m
[ 81%] [32mBuilding CXX object test/CMakeFiles/cv_bridge-utest.dir/test_endian.cpp.o[0m
[ 87%] [32mBuilding CXX object test/CMakeFiles/cv_bridge-utest.dir/test_compression.cpp.o[0m
make[2]: *** [test/CMakeFiles/cv_bridge-utest.dir/build.make:89: test/CMakeFiles/cv_bridge-utest.dir/utest.cpp.o] Interrupt
make[2]: *** [test/CMakeFiles/cv_bridge-utest.dir/build.make:115: test/CMakeFiles/cv_bridge-utest.dir/test_rgb_colors.cpp.o] Interrupt
make[2]: *** [test/CMakeFiles/cv_bridge-utest.dir/build.make:102: test/CMakeFiles/cv_bridge-utest.dir/utest2.cpp.o] Interrupt
make[2]: *** [test/CMakeFiles/cv_bridge-utest.dir/build.make:63: test/CMakeFiles/cv_bridge-utest.dir/test_endian.cpp.o] Interrupt
make[2]: *** [test/CMakeFiles/cv_bridge-utest.dir/build.make:76: test/CMakeFiles/cv_bridge-utest.dir/test_compression.cpp.o] Interrupt
make[2]: *** [src/CMakeFiles/cv_bridge_boost.dir/build.make:76: src/CMakeFiles/cv_bridge_boost.dir/module_opencv3.cpp.o] Interrupt
make[2]: *** wait: No child processes.  Stop.
make[2]: *** Waiting for unfinished jobs....
make[2]: *** wait: No child processes.  Stop.
make[1]: *** [CMakeFiles/Makefile2:250: test/CMakeFiles/cv_bridge-utest.dir/all] Interrupt
make[1]: *** [CMakeFiles/Makefile2:194: src/CMakeFiles/cv_bridge_boost.dir/all] Error 2
make: *** [Makefile:141: all] Interrupt
