[1.265s] Invoking command in '/home/naoya/wildpose_v1.3/wildpose/src/build/cv_bridge': CMAKE_PREFIX_PATH=${CMAKE_PREFIX_PATH}:/home/naoya/WildPose_v1.2/wildpose/install/motor_controller_pkg:/home/naoya/WildPose_v1.2/wildpose/install/gamepad_pkg:/opt/ros/foxy /usr/bin/cmake /home/naoya/wildpose_v1.3/wildpose/src/vision_opencv/cv_bridge -DCMAKE_INSTALL_PREFIX=/home/naoya/wildpose_v1.3/wildpose/src/install/cv_bridge
[1.892s] -- The C compiler identification is GNU 9.4.0
[1.892s] -- The CXX compiler identification is GNU 9.4.0
[1.893s] -- Check for working C compiler: /usr/bin/cc
[1.893s] -- Check for working C compiler: /usr/bin/cc -- works
[1.894s] -- Detecting C compiler ABI info
[1.894s] -- Detecting C compiler ABI info - done
[1.894s] -- Detecting C compile features
[1.894s] -- Detecting C compile features - done
[1.894s] -- Check for working CXX compiler: /usr/bin/c++
[1.894s] -- Check for working CXX compiler: /usr/bin/c++ -- works
[1.894s] -- Detecting CXX compiler ABI info
[1.894s] -- Detecting CXX compiler ABI info - done
[1.894s] -- Detecting CXX compile features
[1.895s] -- Detecting CXX compile features - done
[1.895s] -- Found ament_cmake_ros: 0.9.2 (/opt/ros/foxy/share/ament_cmake_ros/cmake)
[1.895s] -- Found PythonInterp: /usr/bin/python3 (found suitable version "3.8.10", minimum required is "3") 
[1.895s] -- Using PYTHON_EXECUTABLE: /usr/bin/python3
[1.967s] -- Found PythonLibs: /usr/lib/x86_64-linux-gnu/libpython3.8.so (found version "3.8.10") 
[1.973s] -- Boost_VERSION_STRING: 1.71.0
[1.979s] -- Found Boost: /usr/lib/x86_64-linux-gnu/cmake/Boost-1.71.0/BoostConfig.cmake (found version "1.71.0") found components: python38 
[1.982s] -- Found rcpputils: 1.3.2 (/opt/ros/foxy/share/rcpputils/cmake)
[1.995s] -- Found sensor_msgs: 2.0.5 (/opt/ros/foxy/share/sensor_msgs/cmake)
[2.022s] -- Using all available rosidl_typesupport_c: rosidl_typesupport_fastrtps_c;rosidl_typesupport_introspection_c
[2.032s] -- Found rosidl_adapter: 1.3.1 (/opt/ros/foxy/share/rosidl_adapter/cmake)
[2.120s] -- Found OpenSSL: /usr/lib/x86_64-linux-gnu/libcrypto.so (found version "1.1.1f")  
[2.148s] -- Found FastRTPS: /opt/ros/foxy/include  
[2.211s] -- Using all available rosidl_typesupport_cpp: rosidl_typesupport_fastrtps_cpp;rosidl_typesupport_introspection_cpp
[2.387s] -- Performing Test COMPILER_HAS_HIDDEN_VISIBILITY
[2.462s] -- Performing Test COMPILER_HAS_HIDDEN_VISIBILITY - Success
[2.463s] -- Performing Test COMPILER_HAS_HIDDEN_INLINE_VISIBILITY
[2.542s] -- Performing Test COMPILER_HAS_HIDDEN_INLINE_VISIBILITY - Success
[2.542s] -- Performing Test COMPILER_HAS_DEPRECATED_ATTR
[2.637s] -- Performing Test COMPILER_HAS_DEPRECATED_ATTR - Success
[2.676s] -- Found PythonInterp: /usr/bin/python3 (found version "3.8.10") 
[2.679s] -- Found PythonLibs: /usr/lib/x86_64-linux-gnu/libpython3.8.so (found suitable version "3.8.10", minimum required is "3.8") 
[2.947s] -- Found ament_lint_auto: 0.9.8 (/opt/ros/foxy/share/ament_lint_auto/cmake)
[3.016s] -- Found gtest sources under '/opt/ros/foxy/src/gtest_vendor': C++ tests using 'Google Test' will be built
[3.017s] -- Looking for pthread.h
[3.086s] -- Looking for pthread.h - found
[3.086s] -- Performing Test CMAKE_HAVE_LIBC_PTHREAD
[3.197s] -- Performing Test CMAKE_HAVE_LIBC_PTHREAD - Failed
[3.198s] -- Check if compiler accepts -pthread
[3.294s] -- Check if compiler accepts -pthread - yes
[3.295s] -- Found Threads: TRUE  
[6.284s] -- Configuring done
[6.309s] -- Generating done
[6.311s] -- Build files have been written to: /home/naoya/wildpose_v1.3/wildpose/src/build/cv_bridge
[6.328s] Invoked command in '/home/naoya/wildpose_v1.3/wildpose/src/build/cv_bridge' returned '0': CMAKE_PREFIX_PATH=${CMAKE_PREFIX_PATH}:/home/naoya/WildPose_v1.2/wildpose/install/motor_controller_pkg:/home/naoya/WildPose_v1.2/wildpose/install/gamepad_pkg:/opt/ros/foxy /usr/bin/cmake /home/naoya/wildpose_v1.3/wildpose/src/vision_opencv/cv_bridge -DCMAKE_INSTALL_PREFIX=/home/naoya/wildpose_v1.3/wildpose/src/install/cv_bridge
[6.332s] Invoking command in '/home/naoya/wildpose_v1.3/wildpose/src/build/cv_bridge': CMAKE_PREFIX_PATH=${CMAKE_PREFIX_PATH}:/home/naoya/WildPose_v1.2/wildpose/install/motor_controller_pkg:/home/naoya/WildPose_v1.2/wildpose/install/gamepad_pkg:/opt/ros/foxy /usr/bin/cmake --build /home/naoya/wildpose_v1.3/wildpose/src/build/cv_bridge -- -j16 -l16
[6.410s] [35m[1mScanning dependencies of target cv_bridge[0m
[6.410s] [35m[1mScanning dependencies of target gtest_main[0m
[6.414s] [35m[1mScanning dependencies of target gtest[0m
[6.440s] [  6%] [32mBuilding CXX object gtest/CMakeFiles/gtest_main.dir/src/gtest_main.cc.o[0m
[6.443s] [ 12%] [32mBuilding CXX object gtest/CMakeFiles/gtest.dir/src/gtest-all.cc.o[0m
[6.469s] [ 18%] [32mBuilding CXX object src/CMakeFiles/cv_bridge.dir/rgb_colors.cpp.o[0m
[6.470s] [ 25%] [32mBuilding CXX object src/CMakeFiles/cv_bridge.dir/cv_bridge.cpp.o[0m
[7.143s] [ 31%] [32m[1mLinking CXX static library libgtest_main.a[0m
[7.176s] [ 31%] Built target gtest_main
[10.234s] [ 37%] [32m[1mLinking CXX static library libgtest.a[0m
[10.289s] [ 37%] Built target gtest
[10.808s] [ 43%] [32m[1mLinking CXX shared library libcv_bridge.so[0m
[10.964s] [ 43%] Built target cv_bridge
[10.974s] [35m[1mScanning dependencies of target cv_bridge_boost[0m
[10.974s] [35m[1mScanning dependencies of target cv_bridge-utest[0m
[11.012s] [ 62%] [32mBuilding CXX object src/CMakeFiles/cv_bridge_boost.dir/module.cpp.o[0m
[11.012s] [ 62%] [32mBuilding CXX object src/CMakeFiles/cv_bridge_boost.dir/module_opencv3.cpp.o[0m
[11.012s] [ 62%] [32mBuilding CXX object test/CMakeFiles/cv_bridge-utest.dir/test_rgb_colors.cpp.o[0m
[11.012s] [ 68%] [32mBuilding CXX object test/CMakeFiles/cv_bridge-utest.dir/utest.cpp.o[0m
[11.013s] [ 75%] [32mBuilding CXX object test/CMakeFiles/cv_bridge-utest.dir/utest2.cpp.o[0m
[11.015s] [ 81%] [32mBuilding CXX object test/CMakeFiles/cv_bridge-utest.dir/test_endian.cpp.o[0m
[11.015s] [ 87%] [32mBuilding CXX object test/CMakeFiles/cv_bridge-utest.dir/test_compression.cpp.o[0m
[11.927s] make[2]: *** [test/CMakeFiles/cv_bridge-utest.dir/build.make:89: test/CMakeFiles/cv_bridge-utest.dir/utest.cpp.o] Interrupt
[11.927s] make[2]: *** [test/CMakeFiles/cv_bridge-utest.dir/build.make:115: test/CMakeFiles/cv_bridge-utest.dir/test_rgb_colors.cpp.o] Interrupt
[11.927s] make[2]: *** [test/CMakeFiles/cv_bridge-utest.dir/build.make:102: test/CMakeFiles/cv_bridge-utest.dir/utest2.cpp.o] Interrupt
[11.927s] make[2]: *** [test/CMakeFiles/cv_bridge-utest.dir/build.make:63: test/CMakeFiles/cv_bridge-utest.dir/test_endian.cpp.o] Interrupt
[11.928s] make[2]: *** [test/CMakeFiles/cv_bridge-utest.dir/build.make:76: test/CMakeFiles/cv_bridge-utest.dir/test_compression.cpp.o] Interrupt
[11.928s] make[2]: *** [src/CMakeFiles/cv_bridge_boost.dir/build.make:76: src/CMakeFiles/cv_bridge_boost.dir/module_opencv3.cpp.o] Interrupt
[11.928s] make[2]: *** wait: No child processes.  Stop.
[11.928s] make[2]: *** Waiting for unfinished jobs....
[11.928s] make[2]: *** wait: No child processes.  Stop.
[11.928s] make[1]: *** [CMakeFiles/Makefile2:250: test/CMakeFiles/cv_bridge-utest.dir/all] Interrupt
[11.928s] make[1]: *** [CMakeFiles/Makefile2:194: src/CMakeFiles/cv_bridge_boost.dir/all] Error 2
[11.928s] make: *** [Makefile:141: all] Interrupt
